<?xml version="1.0" encoding="UTF-8"?>
<!-- Generated by org.testng.reporters.JUnitReportReporter -->
<testsuite skipped="0" hostname="LAPTOP-KEHBMK7B" name="com.testscripts.TestingPage" tests="5" failures="0" timestamp="2022-12-29T13:30:59 IST" time="77.985" errors="0">
  <testcase name="positiveScenarioUser" time="30.880" classname="com.testscripts.TestingPage"/>
  <system-out/>
  <testcase name="positiveScenarioAdmin" time="22.833" classname="com.testscripts.TestingPage"/>
  <system-out/>
  <testcase name="addCategoryValidationUItoDB" time="16.713" classname="com.testscripts.TestingPage"/>
  <system-out/>
  <testcase name="addCategoryValidationDBtoUI" time="0.083" classname="com.testscripts.TestingPage"/>
  <system-out/>
  <testcase name="NegativeScenarioTesting" time="7.476" classname="com.testscripts.TestingPage"/>
  <system-out/>
</testsuite> <!-- com.testscripts.TestingPage -->
